[ 2017-04-05T12:13:19+08:00 ] 47.91.151.224 210.30.108.217 GET /public/index.php
[ log ] www.yinglibi.cn/public/index.php [运行时间：0.031126s][吞吐率：32.13req/s] [内存消耗：2,181.11kb] [文件加载：46]
[ info ] [ LANG ] /var/www/html/thinkphp/lang/zh-cn.php
[ info ] [ ROUTE ] array (
  'type' => 'module',
  'module' => 
  array (
    0 => '',
    1 => NULL,
    2 => NULL,
  ),
)
[ info ] [ HEADER ] array (
  'host' => 'www.yinglibi.cn',
  'connection' => 'keep-alive',
  'upgrade-insecure-requests' => '1',
  'user-agent' => 'Mozilla/5.0 (Windows NT 10.0; WOW64) AppleWebKit/537.36 (KHTML, like Gecko) Chrome/56.0.2924.87 Safari/537.36',
  'accept' => 'text/html,application/xhtml+xml,application/xml;q=0.9,image/webp,*/*;q=0.8',
  'accept-encoding' => 'gzip, deflate, sdch',
  'accept-language' => 'zh-CN,zh;q=0.8',
)
[ info ] [ PARAM ] array (
)
[ info ] [ SESSION ] INIT array (
  'id' => '',
  'var_session_id' => '',
  'prefix' => 'think',
  'type' => '',
  'auto_start' => true,
)
[ info ] [ LOG ] INIT File

---------------------------------------------------------------
[ 2017-04-05T12:13:19+08:00 ] 47.91.151.224 210.30.108.217 GET /public/index.php/index/login/login.html
[ log ] www.yinglibi.cn/public/index.php/index/login/login.html [运行时间：0.029474s][吞吐率：33.93req/s] [内存消耗：2,062.70kb] [文件加载：43]
[ info ] [ LANG ] /var/www/html/thinkphp/lang/zh-cn.php
[ info ] [ ROUTE ] array (
  'type' => 'module',
  'module' => 
  array (
    0 => 'index',
    1 => 'login',
    2 => 'login',
  ),
)
[ info ] [ HEADER ] array (
  'host' => 'www.yinglibi.cn',
  'connection' => 'keep-alive',
  'upgrade-insecure-requests' => '1',
  'user-agent' => 'Mozilla/5.0 (Windows NT 10.0; WOW64) AppleWebKit/537.36 (KHTML, like Gecko) Chrome/56.0.2924.87 Safari/537.36',
  'accept' => 'text/html,application/xhtml+xml,application/xml;q=0.9,image/webp,*/*;q=0.8',
  'accept-encoding' => 'gzip, deflate, sdch',
  'accept-language' => 'zh-CN,zh;q=0.8',
  'cookie' => 'PHPSESSID=hhd3b8oftqq5msa3ph9naeq0c4',
)
[ info ] [ PARAM ] array (
)
[ info ] [ RUN ] app\index\controller\Login->login[ /var/www/html/application/index/controller/Login.php ]
[ info ] [ VIEW ] /var/www/html/public/../application/index/view/login/login.html [ array (
) ]
[ info ] [ LOG ] INIT File

---------------------------------------------------------------
[ 2017-04-05T12:13:32+08:00 ] 47.91.151.224 210.30.108.217 POST /public/index.php/index/login/getverifyCode
[ log ] www.yinglibi.cn/public/index.php/index/login/getverifyCode [运行时间：11.026150s][吞吐率：0.09req/s] [内存消耗：1,776.80kb] [文件加载：38]
[ info ] [ LANG ] /var/www/html/thinkphp/lang/zh-cn.php
[ info ] [ ROUTE ] array (
  'type' => 'module',
  'module' => 
  array (
    0 => 'index',
    1 => 'login',
    2 => 'getverifyCode',
  ),
)
[ info ] [ HEADER ] array (
  'host' => 'www.yinglibi.cn',
  'connection' => 'keep-alive',
  'content-length' => '0',
  'accept' => 'application/json, text/javascript, */*; q=0.01',
  'origin' => 'http://www.yinglibi.cn',
  'x-requested-with' => 'XMLHttpRequest',
  'user-agent' => 'Mozilla/5.0 (Windows NT 10.0; WOW64) AppleWebKit/537.36 (KHTML, like Gecko) Chrome/56.0.2924.87 Safari/537.36',
  'referer' => 'http://www.yinglibi.cn/public/index.php/index/login/login.html',
  'accept-encoding' => 'gzip, deflate',
  'accept-language' => 'zh-CN,zh;q=0.8',
  'cookie' => 'PHPSESSID=hhd3b8oftqq5msa3ph9naeq0c4',
)
[ info ] [ PARAM ] array (
)
[ info ] [ RUN ] app\index\controller\Login->getverifyCode[ /var/www/html/application/index/controller/Login.php ]
[ info ] [ SESSION ] INIT array (
  'id' => '',
  'var_session_id' => '',
  'prefix' => 'think',
  'type' => '',
  'auto_start' => true,
)
[ info ] [ LOG ] INIT File

---------------------------------------------------------------
[ 2017-04-05T12:13:51+08:00 ] 47.91.151.224 210.30.108.217 POST /public/index.php/index/login/ajax_login
[ log ] www.yinglibi.cn/public/index.php/index/login/ajax_login [运行时间：3.538961s][吞吐率：0.28req/s] [内存消耗：2,670.92kb] [文件加载：45]
[ info ] [ LANG ] /var/www/html/thinkphp/lang/zh-cn.php
[ info ] [ ROUTE ] array (
  'type' => 'module',
  'module' => 
  array (
    0 => 'index',
    1 => 'login',
    2 => 'ajax_login',
  ),
)
[ info ] [ HEADER ] array (
  'host' => 'www.yinglibi.cn',
  'connection' => 'keep-alive',
  'content-length' => '101',
  'accept' => 'application/json, text/javascript, */*; q=0.01',
  'origin' => 'http://www.yinglibi.cn',
  'x-requested-with' => 'XMLHttpRequest',
  'user-agent' => 'Mozilla/5.0 (Windows NT 10.0; WOW64) AppleWebKit/537.36 (KHTML, like Gecko) Chrome/56.0.2924.87 Safari/537.36',
  'content-type' => 'application/x-www-form-urlencoded; charset=UTF-8',
  'referer' => 'http://www.yinglibi.cn/public/index.php/index/login/login.html',
  'accept-encoding' => 'gzip, deflate',
  'accept-language' => 'zh-CN,zh;q=0.8',
  'cookie' => 'PHPSESSID=hhd3b8oftqq5msa3ph9naeq0c4',
)
[ info ] [ PARAM ] array (
  'uid' => '201411041',
  'password' => '201411041',
  'yzm' => '7141',
  'imgsrc' => 'yzm/verifyCodeefc3bb25e65aa1731ee99793ef4ff71c.jpg',
)
[ info ] [ RUN ] app\index\controller\Login->ajax_login[ /var/www/html/application/index/controller/Login.php ]
[ info ] [ SESSION ] INIT array (
  'id' => '',
  'var_session_id' => '',
  'prefix' => 'think',
  'type' => '',
  'auto_start' => true,
)
[ info ] [ DB ] INIT mysql
[ info ] [ DB ] INIT mysql
[ info ] [ DB ] INIT mysql
[ info ] [ DB ] INIT mysql
[ info ] [ DB ] INIT mysql
[ info ] [ DB ] INIT mysql
[ info ] [ LOG ] INIT File
[ sql ] [ DB ] CONNECT:[ UseTime:0.162187s ] mysql:dbname=school;host=rm-m5e59095v06t3y4m9.mysql.rds.aliyuncs.com;port=3306;charset=utf8
[ sql ] [ SQL ] SHOW COLUMNS FROM `faculty` [ RunTime:0.109714s ]
[ sql ] [ SQL ] SELECT * FROM `faculty` WHERE  `fname` = '计算机工程学院' LIMIT 1    [ RunTime:0.107045s ]
[ sql ] [ DB ] CONNECT:[ UseTime:0.150876s ] mysql:dbname=school;host=rm-m5e59095v06t3y4m9.mysql.rds.aliyuncs.com;port=3306;charset=utf8
[ sql ] [ SQL ] SHOW COLUMNS FROM `specialty` [ RunTime:0.102103s ]
[ sql ] [ SQL ] SELECT * FROM `specialty` WHERE  `spname` = '计算机科学与技术'  AND `fid` = 2 LIMIT 1     [ RunTime:0.100328s ]
[ sql ] [ DB ] CONNECT:[ UseTime:0.161272s ] mysql:dbname=school;host=rm-m5e59095v06t3y4m9.mysql.rds.aliyuncs.com;port=3306;charset=utf8
[ sql ] [ SQL ] SHOW COLUMNS FROM `cmis` [ RunTime:0.109818s ]
[ sql ] [ SQL ] SELECT * FROM `cmis` WHERE  `spid` = 2  AND `test_number` = '14330654159167' LIMIT 1     [ RunTime:0.108059s ]
[ sql ] [ DB ] CONNECT:[ UseTime:0.140145s ] mysql:dbname=school;host=rm-m5e59095v06t3y4m9.mysql.rds.aliyuncs.com;port=3306;charset=utf8
[ sql ] [ SQL ] UPDATE `cmis`  SET `spid`=2,`start_school`='2014',`attend_school_year`=4,`class`='14计算机2班',`grade`='四年级',`is_inschool`=1,`test_number`='14330654159167'  WHERE  `spid` = 2  AND `test_number` = '14330654159167'            [ RunTime:0.094251s ]
[ sql ] [ DB ] CONNECT:[ UseTime:0.142414s ] mysql:dbname=school;host=rm-m5e59095v06t3y4m9.mysql.rds.aliyuncs.com;port=3306;charset=utf8
[ sql ] [ SQL ] SHOW COLUMNS FROM `users` [ RunTime:0.094027s ]
[ sql ] [ SQL ] SELECT * FROM `users` WHERE  `uid` = '201411041' LIMIT 1    [ RunTime:0.093492s ]
[ sql ] [ DB ] CONNECT:[ UseTime:0.160389s ] mysql:dbname=school;host=rm-m5e59095v06t3y4m9.mysql.rds.aliyuncs.com;port=3306;charset=utf8
[ sql ] [ SQL ] UPDATE `users`  SET `uid`='201411041',`password`='ba53ac25a2d11c2eb49ac8d37fe88340',`uname`='魏煜宸',`sex`=0,`nation`='汉族',`political_status`='共青团员',`birthday`='1994-05-01',`id_card`='340321199405013094',`cmid`=3  WHERE  `uid` = '201411041'             [ RunTime:0.106891s ]

---------------------------------------------------------------
[ 2017-04-05T12:13:53+08:00 ] 47.91.151.224 210.30.108.217 GET /public/index.php
[ log ] www.yinglibi.cn/public/index.php [运行时间：0.381137s][吞吐率：2.62req/s] [内存消耗：2,919.95kb] [文件加载：51]
[ info ] [ LANG ] /var/www/html/thinkphp/lang/zh-cn.php
[ info ] [ ROUTE ] array (
  'type' => 'module',
  'module' => 
  array (
    0 => '',
    1 => NULL,
    2 => NULL,
  ),
)
[ info ] [ HEADER ] array (
  'host' => 'www.yinglibi.cn',
  'connection' => 'keep-alive',
  'upgrade-insecure-requests' => '1',
  'user-agent' => 'Mozilla/5.0 (Windows NT 10.0; WOW64) AppleWebKit/537.36 (KHTML, like Gecko) Chrome/56.0.2924.87 Safari/537.36',
  'accept' => 'text/html,application/xhtml+xml,application/xml;q=0.9,image/webp,*/*;q=0.8',
  'referer' => 'http://www.yinglibi.cn/public/index.php/index/login/login.html',
  'accept-encoding' => 'gzip, deflate, sdch',
  'accept-language' => 'zh-CN,zh;q=0.8',
  'cookie' => 'PHPSESSID=hhd3b8oftqq5msa3ph9naeq0c4',
)
[ info ] [ PARAM ] array (
)
[ info ] [ SESSION ] INIT array (
  'id' => '',
  'var_session_id' => '',
  'prefix' => 'think',
  'type' => '',
  'auto_start' => true,
)
[ info ] [ RUN ] app\index\controller\Index->index[ /var/www/html/application/index/controller/Index.php ]
[ info ] [ DB ] INIT mysql
[ info ] [ VIEW ] /var/www/html/public/../application/index/view/index/index.html [ array (
  0 => 'userInfo',
) ]
[ info ] [ LOG ] INIT File
[ sql ] [ DB ] CONNECT:[ UseTime:0.150553s ] mysql:dbname=school;host=rm-m5e59095v06t3y4m9.mysql.rds.aliyuncs.com;port=3306;charset=utf8
[ sql ] [ SQL ] SHOW COLUMNS FROM `users` [ RunTime:0.101079s ]
[ sql ] [ SQL ] SELECT * FROM `users` `u` INNER JOIN `cmis` `cm` ON `u`.`cmid`=`cm`.`cmid` INNER JOIN `specialty` `sp` ON `cm`.`spid`=`sp`.`spid` INNER JOIN `faculty` `f` ON `sp`.`fid`=`f`.`fid` WHERE  `uid` = '201411041' LIMIT 1    [ RunTime:0.100380s ]

---------------------------------------------------------------
[ 2017-04-05T12:13:58+08:00 ] 47.91.151.224 210.30.108.217 GET /public/index.php/index/user/index
[ log ] www.yinglibi.cn/public/index.php/index/user/index [运行时间：0.367564s][吞吐率：2.72req/s] [内存消耗：2,990.04kb] [文件加载：52]
[ info ] [ LANG ] /var/www/html/thinkphp/lang/zh-cn.php
[ info ] [ ROUTE ] array (
  'type' => 'module',
  'module' => 
  array (
    0 => 'index',
    1 => 'user',
    2 => 'index',
  ),
)
[ info ] [ HEADER ] array (
  'host' => 'www.yinglibi.cn',
  'connection' => 'keep-alive',
  'upgrade-insecure-requests' => '1',
  'user-agent' => 'Mozilla/5.0 (Windows NT 10.0; WOW64) AppleWebKit/537.36 (KHTML, like Gecko) Chrome/56.0.2924.87 Safari/537.36',
  'accept' => 'text/html,application/xhtml+xml,application/xml;q=0.9,image/webp,*/*;q=0.8',
  'referer' => 'http://www.yinglibi.cn/public/index.php',
  'accept-encoding' => 'gzip, deflate, sdch',
  'accept-language' => 'zh-CN,zh;q=0.8',
  'cookie' => 'PHPSESSID=hhd3b8oftqq5msa3ph9naeq0c4',
)
[ info ] [ PARAM ] array (
)
[ info ] [ SESSION ] INIT array (
  'id' => '',
  'var_session_id' => '',
  'prefix' => 'think',
  'type' => '',
  'auto_start' => true,
)
[ info ] [ RUN ] app\index\controller\User->index[ /var/www/html/application/index/controller/User.php ]
[ info ] [ DB ] INIT mysql
[ info ] [ VIEW ] /var/www/html/public/../application/index/view/user/index.html [ array (
  0 => 'menu',
  1 => 'userInfo',
) ]
[ info ] [ LOG ] INIT File
[ sql ] [ DB ] CONNECT:[ UseTime:0.139948s ] mysql:dbname=school;host=rm-m5e59095v06t3y4m9.mysql.rds.aliyuncs.com;port=3306;charset=utf8
[ sql ] [ SQL ] SHOW COLUMNS FROM `users` [ RunTime:0.093505s ]
[ sql ] [ SQL ] SELECT * FROM `users` `u` INNER JOIN `cmis` `cm` ON `u`.`cmid`=`cm`.`cmid` INNER JOIN `specialty` `sp` ON `cm`.`spid`=`sp`.`spid` INNER JOIN `faculty` `f` ON `sp`.`fid`=`f`.`fid` WHERE  `uid` = '201411041' LIMIT 1    [ RunTime:0.092626s ]

---------------------------------------------------------------
[ 2017-04-05T12:14:08+08:00 ] 47.91.151.224 210.30.108.217 GET /public/index.php/index/user/syllabus
[ log ] www.yinglibi.cn/public/index.php/index/user/syllabus [运行时间：7.449773s][吞吐率：0.13req/s] [内存消耗：3,237.16kb] [文件加载：54]
[ info ] [ LANG ] /var/www/html/thinkphp/lang/zh-cn.php
[ info ] [ ROUTE ] array (
  'type' => 'module',
  'module' => 
  array (
    0 => 'index',
    1 => 'user',
    2 => 'syllabus',
  ),
)
[ info ] [ HEADER ] array (
  'host' => 'www.yinglibi.cn',
  'connection' => 'keep-alive',
  'upgrade-insecure-requests' => '1',
  'user-agent' => 'Mozilla/5.0 (Windows NT 10.0; WOW64) AppleWebKit/537.36 (KHTML, like Gecko) Chrome/56.0.2924.87 Safari/537.36',
  'accept' => 'text/html,application/xhtml+xml,application/xml;q=0.9,image/webp,*/*;q=0.8',
  'referer' => 'http://www.yinglibi.cn/public/index.php/index/user/index',
  'accept-encoding' => 'gzip, deflate, sdch',
  'accept-language' => 'zh-CN,zh;q=0.8',
  'cookie' => 'PHPSESSID=hhd3b8oftqq5msa3ph9naeq0c4',
)
[ info ] [ PARAM ] array (
)
[ info ] [ SESSION ] INIT array (
  'id' => '',
  'var_session_id' => '',
  'prefix' => 'think',
  'type' => '',
  'auto_start' => true,
)
[ info ] [ RUN ] app\index\controller\User->syllabus[ /var/www/html/application/index/controller/User.php ]
[ info ] [ DB ] INIT mysql
[ info ] [ VIEW ] /var/www/html/public/../application/index/view/user/syllabus.html [ array (
  0 => 'syy',
  1 => 'syllabus',
  2 => 'menu',
  3 => 'userInfo',
) ]
[ info ] [ LOG ] INIT File
[ sql ] [ DB ] CONNECT:[ UseTime:0.151942s ] mysql:dbname=school;host=rm-m5e59095v06t3y4m9.mysql.rds.aliyuncs.com;port=3306;charset=utf8
[ sql ] [ SQL ] SHOW COLUMNS FROM `users` [ RunTime:0.100940s ]
[ sql ] [ SQL ] SELECT * FROM `users` `u` INNER JOIN `cmis` `cm` ON `u`.`cmid`=`cm`.`cmid` INNER JOIN `specialty` `sp` ON `cm`.`spid`=`sp`.`spid` INNER JOIN `faculty` `f` ON `sp`.`fid`=`f`.`fid` WHERE  `uid` = '201411041' LIMIT 1    [ RunTime:0.100319s ]

---------------------------------------------------------------
[ 2017-04-05T12:14:20+08:00 ] 47.91.151.224 210.30.108.217 POST /public/index.php/index/user/ajax_syllabus
[ log ] www.yinglibi.cn/public/index.php/index/user/ajax_syllabus [运行时间：5.555718s][吞吐率：0.18req/s] [内存消耗：2,161.52kb] [文件加载：45]
[ info ] [ LANG ] /var/www/html/thinkphp/lang/zh-cn.php
[ info ] [ ROUTE ] array (
  'type' => 'module',
  'module' => 
  array (
    0 => 'index',
    1 => 'user',
    2 => 'ajax_syllabus',
  ),
)
[ info ] [ HEADER ] array (
  'host' => 'www.yinglibi.cn',
  'connection' => 'keep-alive',
  'content-length' => '7',
  'accept' => '*/*',
  'origin' => 'http://www.yinglibi.cn',
  'x-requested-with' => 'XMLHttpRequest',
  'user-agent' => 'Mozilla/5.0 (Windows NT 10.0; WOW64) AppleWebKit/537.36 (KHTML, like Gecko) Chrome/56.0.2924.87 Safari/537.36',
  'content-type' => 'application/x-www-form-urlencoded; charset=UTF-8',
  'referer' => 'http://www.yinglibi.cn/public/index.php/index/user/syllabus',
  'accept-encoding' => 'gzip, deflate',
  'accept-language' => 'zh-CN,zh;q=0.8',
  'cookie' => 'PHPSESSID=hhd3b8oftqq5msa3ph9naeq0c4',
)
[ info ] [ PARAM ] array (
  'year' => '15',
)
[ info ] [ SESSION ] INIT array (
  'id' => '',
  'var_session_id' => '',
  'prefix' => 'think',
  'type' => '',
  'auto_start' => true,
)
[ info ] [ RUN ] app\index\controller\User->ajax_syllabus[ /var/www/html/application/index/controller/User.php ]
[ info ] [ LOG ] INIT File

---------------------------------------------------------------
[ 2017-04-05T12:14:37+08:00 ] 47.91.151.224 210.30.108.217 POST /public/index.php/index/user/ajax_syllabus
[ log ] www.yinglibi.cn/public/index.php/index/user/ajax_syllabus [运行时间：5.645373s][吞吐率：0.18req/s] [内存消耗：2,161.52kb] [文件加载：45]
[ info ] [ LANG ] /var/www/html/thinkphp/lang/zh-cn.php
[ info ] [ ROUTE ] array (
  'type' => 'module',
  'module' => 
  array (
    0 => 'index',
    1 => 'user',
    2 => 'ajax_syllabus',
  ),
)
[ info ] [ HEADER ] array (
  'host' => 'www.yinglibi.cn',
  'connection' => 'keep-alive',
  'content-length' => '7',
  'accept' => '*/*',
  'origin' => 'http://www.yinglibi.cn',
  'x-requested-with' => 'XMLHttpRequest',
  'user-agent' => 'Mozilla/5.0 (Windows NT 10.0; WOW64) AppleWebKit/537.36 (KHTML, like Gecko) Chrome/56.0.2924.87 Safari/537.36',
  'content-type' => 'application/x-www-form-urlencoded; charset=UTF-8',
  'referer' => 'http://www.yinglibi.cn/public/index.php/index/user/syllabus',
  'accept-encoding' => 'gzip, deflate',
  'accept-language' => 'zh-CN,zh;q=0.8',
  'cookie' => 'PHPSESSID=hhd3b8oftqq5msa3ph9naeq0c4',
)
[ info ] [ PARAM ] array (
  'year' => '15',
)
[ info ] [ SESSION ] INIT array (
  'id' => '',
  'var_session_id' => '',
  'prefix' => 'think',
  'type' => '',
  'auto_start' => true,
)
[ info ] [ RUN ] app\index\controller\User->ajax_syllabus[ /var/www/html/application/index/controller/User.php ]
[ info ] [ LOG ] INIT File

---------------------------------------------------------------
[ 2017-04-05T12:14:57+08:00 ] 47.91.151.224 210.30.108.217 POST /public/index.php/index/user/ajax_syllabus
[ log ] www.yinglibi.cn/public/index.php/index/user/ajax_syllabus [运行时间：6.125517s][吞吐率：0.16req/s] [内存消耗：2,177.54kb] [文件加载：45]
[ info ] [ LANG ] /var/www/html/thinkphp/lang/zh-cn.php
[ info ] [ ROUTE ] array (
  'type' => 'module',
  'module' => 
  array (
    0 => 'index',
    1 => 'user',
    2 => 'ajax_syllabus',
  ),
)
[ info ] [ HEADER ] array (
  'host' => 'www.yinglibi.cn',
  'connection' => 'keep-alive',
  'content-length' => '7',
  'accept' => '*/*',
  'origin' => 'http://www.yinglibi.cn',
  'x-requested-with' => 'XMLHttpRequest',
  'user-agent' => 'Mozilla/5.0 (Windows NT 10.0; WOW64) AppleWebKit/537.36 (KHTML, like Gecko) Chrome/56.0.2924.87 Safari/537.36',
  'content-type' => 'application/x-www-form-urlencoded; charset=UTF-8',
  'referer' => 'http://www.yinglibi.cn/public/index.php/index/user/syllabus',
  'accept-encoding' => 'gzip, deflate',
  'accept-language' => 'zh-CN,zh;q=0.8',
  'cookie' => 'PHPSESSID=hhd3b8oftqq5msa3ph9naeq0c4',
)
[ info ] [ PARAM ] array (
  'year' => '11',
)
[ info ] [ SESSION ] INIT array (
  'id' => '',
  'var_session_id' => '',
  'prefix' => 'think',
  'type' => '',
  'auto_start' => true,
)
[ info ] [ RUN ] app\index\controller\User->ajax_syllabus[ /var/www/html/application/index/controller/User.php ]
[ info ] [ LOG ] INIT File

---------------------------------------------------------------
[ 2017-04-05T12:16:30+08:00 ] 47.91.151.224 210.30.108.217 GET /public/index.php/index/user/syllabus
[ log ] www.yinglibi.cn/public/index.php/index/user/syllabus [运行时间：11.927910s][吞吐率：0.08req/s] [内存消耗：3,029.68kb] [文件加载：52]
[ info ] [ LANG ] /var/www/html/thinkphp/lang/zh-cn.php
[ info ] [ ROUTE ] array (
  'type' => 'module',
  'module' => 
  array (
    0 => 'index',
    1 => 'user',
    2 => 'syllabus',
  ),
)
[ info ] [ HEADER ] array (
  'host' => 'www.yinglibi.cn',
  'connection' => 'keep-alive',
  'cache-control' => 'max-age=0',
  'upgrade-insecure-requests' => '1',
  'user-agent' => 'Mozilla/5.0 (Windows NT 10.0; WOW64) AppleWebKit/537.36 (KHTML, like Gecko) Chrome/56.0.2924.87 Safari/537.36',
  'accept' => 'text/html,application/xhtml+xml,application/xml;q=0.9,image/webp,*/*;q=0.8',
  'referer' => 'http://www.yinglibi.cn/public/index.php/index/user/index',
  'accept-encoding' => 'gzip, deflate, sdch',
  'accept-language' => 'zh-CN,zh;q=0.8',
  'cookie' => 'PHPSESSID=hhd3b8oftqq5msa3ph9naeq0c4',
)
[ info ] [ PARAM ] array (
)
[ info ] [ SESSION ] INIT array (
  'id' => '',
  'var_session_id' => '',
  'prefix' => 'think',
  'type' => '',
  'auto_start' => true,
)
[ info ] [ RUN ] app\index\controller\User->syllabus[ /var/www/html/application/index/controller/User.php ]
[ info ] [ DB ] INIT mysql
[ info ] [ VIEW ] /var/www/html/public/../application/index/view/user/syllabus.html [ array (
  0 => 'syy',
  1 => 'syllabus',
  2 => 'menu',
  3 => 'userInfo',
) ]
[ info ] [ LOG ] INIT File
[ sql ] [ DB ] CONNECT:[ UseTime:0.162229s ] mysql:dbname=school;host=rm-m5e59095v06t3y4m9.mysql.rds.aliyuncs.com;port=3306;charset=utf8
[ sql ] [ SQL ] SHOW COLUMNS FROM `users` [ RunTime:0.108079s ]
[ sql ] [ SQL ] SELECT * FROM `users` `u` INNER JOIN `cmis` `cm` ON `u`.`cmid`=`cm`.`cmid` INNER JOIN `specialty` `sp` ON `cm`.`spid`=`sp`.`spid` INNER JOIN `faculty` `f` ON `sp`.`fid`=`f`.`fid` WHERE  `uid` = '201411041' LIMIT 1    [ RunTime:0.107082s ]

---------------------------------------------------------------
[ 2017-04-05T12:17:03+08:00 ] 47.91.151.224 210.30.108.217 POST /public/index.php/index/user/ajax_syllabus
[ log ] www.yinglibi.cn/public/index.php/index/user/ajax_syllabus [运行时间：1.430891s][吞吐率：0.70req/s] [内存消耗：2,177.54kb] [文件加载：45]
[ info ] [ LANG ] /var/www/html/thinkphp/lang/zh-cn.php
[ info ] [ ROUTE ] array (
  'type' => 'module',
  'module' => 
  array (
    0 => 'index',
    1 => 'user',
    2 => 'ajax_syllabus',
  ),
)
[ info ] [ HEADER ] array (
  'host' => 'www.yinglibi.cn',
  'connection' => 'keep-alive',
  'content-length' => '7',
  'accept' => '*/*',
  'origin' => 'http://www.yinglibi.cn',
  'x-requested-with' => 'XMLHttpRequest',
  'user-agent' => 'Mozilla/5.0 (Windows NT 10.0; WOW64) AppleWebKit/537.36 (KHTML, like Gecko) Chrome/56.0.2924.87 Safari/537.36',
  'content-type' => 'application/x-www-form-urlencoded; charset=UTF-8',
  'referer' => 'http://www.yinglibi.cn/public/index.php/index/user/syllabus',
  'accept-encoding' => 'gzip, deflate',
  'accept-language' => 'zh-CN,zh;q=0.8',
  'cookie' => 'PHPSESSID=hhd3b8oftqq5msa3ph9naeq0c4',
)
[ info ] [ PARAM ] array (
  'year' => '14',
)
[ info ] [ SESSION ] INIT array (
  'id' => '',
  'var_session_id' => '',
  'prefix' => 'think',
  'type' => '',
  'auto_start' => true,
)
[ info ] [ RUN ] app\index\controller\User->ajax_syllabus[ /var/www/html/application/index/controller/User.php ]
[ info ] [ LOG ] INIT File

---------------------------------------------------------------
[ 2017-04-05T12:18:30+08:00 ] 47.91.151.224 210.30.108.217 POST /public/index.php/index/user/ajax_syllabus
[ log ] www.yinglibi.cn/public/index.php/index/user/ajax_syllabus [运行时间：0.370093s][吞吐率：2.70req/s] [内存消耗：2,161.52kb] [文件加载：45]
[ info ] [ LANG ] /var/www/html/thinkphp/lang/zh-cn.php
[ info ] [ ROUTE ] array (
  'type' => 'module',
  'module' => 
  array (
    0 => 'index',
    1 => 'user',
    2 => 'ajax_syllabus',
  ),
)
[ info ] [ HEADER ] array (
  'host' => 'www.yinglibi.cn',
  'connection' => 'keep-alive',
  'content-length' => '7',
  'accept' => '*/*',
  'origin' => 'http://www.yinglibi.cn',
  'x-requested-with' => 'XMLHttpRequest',
  'user-agent' => 'Mozilla/5.0 (Windows NT 10.0; WOW64) AppleWebKit/537.36 (KHTML, like Gecko) Chrome/56.0.2924.87 Safari/537.36',
  'content-type' => 'application/x-www-form-urlencoded; charset=UTF-8',
  'referer' => 'http://www.yinglibi.cn/public/index.php/index/user/syllabus',
  'accept-encoding' => 'gzip, deflate',
  'accept-language' => 'zh-CN,zh;q=0.8',
  'cookie' => 'PHPSESSID=hhd3b8oftqq5msa3ph9naeq0c4',
)
[ info ] [ PARAM ] array (
  'year' => '16',
)
[ info ] [ SESSION ] INIT array (
  'id' => '',
  'var_session_id' => '',
  'prefix' => 'think',
  'type' => '',
  'auto_start' => true,
)
[ info ] [ RUN ] app\index\controller\User->ajax_syllabus[ /var/www/html/application/index/controller/User.php ]
[ info ] [ LOG ] INIT File

---------------------------------------------------------------
[ 2017-04-05T12:19:56+08:00 ] 47.91.151.224 210.30.108.217 POST /public/index.php/index/user/ajax_syllabus
[ log ] www.yinglibi.cn/public/index.php/index/user/ajax_syllabus [运行时间：8.696339s][吞吐率：0.11req/s] [内存消耗：2,161.52kb] [文件加载：45]
[ info ] [ LANG ] /var/www/html/thinkphp/lang/zh-cn.php
[ info ] [ ROUTE ] array (
  'type' => 'module',
  'module' => 
  array (
    0 => 'index',
    1 => 'user',
    2 => 'ajax_syllabus',
  ),
)
[ info ] [ HEADER ] array (
  'host' => 'www.yinglibi.cn',
  'connection' => 'keep-alive',
  'content-length' => '6',
  'accept' => '*/*',
  'origin' => 'http://www.yinglibi.cn',
  'x-requested-with' => 'XMLHttpRequest',
  'user-agent' => 'Mozilla/5.0 (Windows NT 10.0; WOW64) AppleWebKit/537.36 (KHTML, like Gecko) Chrome/56.0.2924.87 Safari/537.36',
  'content-type' => 'application/x-www-form-urlencoded; charset=UTF-8',
  'referer' => 'http://www.yinglibi.cn/public/index.php/index/user/syllabus',
  'accept-encoding' => 'gzip, deflate',
  'accept-language' => 'zh-CN,zh;q=0.8',
  'cookie' => 'PHPSESSID=hhd3b8oftqq5msa3ph9naeq0c4',
)
[ info ] [ PARAM ] array (
  'year' => '1',
)
[ info ] [ SESSION ] INIT array (
  'id' => '',
  'var_session_id' => '',
  'prefix' => 'think',
  'type' => '',
  'auto_start' => true,
)
[ info ] [ RUN ] app\index\controller\User->ajax_syllabus[ /var/www/html/application/index/controller/User.php ]
[ info ] [ LOG ] INIT File

---------------------------------------------------------------
[ 2017-04-05T12:20:53+08:00 ] 47.91.151.224 210.30.108.217 GET /public/index.php/index/user/syllabus
[ log ] www.yinglibi.cn/public/index.php/index/user/syllabus [运行时间：18.363656s][吞吐率：0.05req/s] [内存消耗：3,032.76kb] [文件加载：52]
[ info ] [ LANG ] /var/www/html/thinkphp/lang/zh-cn.php
[ info ] [ ROUTE ] array (
  'type' => 'module',
  'module' => 
  array (
    0 => 'index',
    1 => 'user',
    2 => 'syllabus',
  ),
)
[ info ] [ HEADER ] array (
  'host' => 'www.yinglibi.cn',
  'connection' => 'keep-alive',
  'cache-control' => 'max-age=0',
  'upgrade-insecure-requests' => '1',
  'user-agent' => 'Mozilla/5.0 (Windows NT 10.0; WOW64) AppleWebKit/537.36 (KHTML, like Gecko) Chrome/56.0.2924.87 Safari/537.36',
  'accept' => 'text/html,application/xhtml+xml,application/xml;q=0.9,image/webp,*/*;q=0.8',
  'referer' => 'http://www.yinglibi.cn/public/index.php/index/user/index',
  'accept-encoding' => 'gzip, deflate, sdch',
  'accept-language' => 'zh-CN,zh;q=0.8',
  'cookie' => 'PHPSESSID=hhd3b8oftqq5msa3ph9naeq0c4',
)
[ info ] [ PARAM ] array (
)
[ info ] [ SESSION ] INIT array (
  'id' => '',
  'var_session_id' => '',
  'prefix' => 'think',
  'type' => '',
  'auto_start' => true,
)
[ info ] [ RUN ] app\index\controller\User->syllabus[ /var/www/html/application/index/controller/User.php ]
[ info ] [ DB ] INIT mysql
[ info ] [ VIEW ] /var/www/html/public/../application/index/view/user/syllabus.html [ array (
  0 => 'syy',
  1 => 'syllabus',
  2 => 'menu',
  3 => 'userInfo',
) ]
[ info ] [ LOG ] INIT File
[ sql ] [ DB ] CONNECT:[ UseTime:0.162699s ] mysql:dbname=school;host=rm-m5e59095v06t3y4m9.mysql.rds.aliyuncs.com;port=3306;charset=utf8
[ sql ] [ SQL ] SHOW COLUMNS FROM `users` [ RunTime:0.108443s ]
[ sql ] [ SQL ] SELECT * FROM `users` `u` INNER JOIN `cmis` `cm` ON `u`.`cmid`=`cm`.`cmid` INNER JOIN `specialty` `sp` ON `cm`.`spid`=`sp`.`spid` INNER JOIN `faculty` `f` ON `sp`.`fid`=`f`.`fid` WHERE  `uid` = '201411041' LIMIT 1    [ RunTime:0.107867s ]

---------------------------------------------------------------
[ 2017-04-05T12:24:18+08:00 ] 47.91.151.224 210.30.108.217 GET /public/index.php/index/user/syllabus
[ log ] www.yinglibi.cn/public/index.php/index/user/syllabus [运行时间：0.956255s][吞吐率：1.05req/s] [内存消耗：3,032.76kb] [文件加载：52]
[ info ] [ LANG ] /var/www/html/thinkphp/lang/zh-cn.php
[ info ] [ ROUTE ] array (
  'type' => 'module',
  'module' => 
  array (
    0 => 'index',
    1 => 'user',
    2 => 'syllabus',
  ),
)
[ info ] [ HEADER ] array (
  'host' => 'www.yinglibi.cn',
  'connection' => 'keep-alive',
  'cache-control' => 'max-age=0',
  'upgrade-insecure-requests' => '1',
  'user-agent' => 'Mozilla/5.0 (Windows NT 10.0; WOW64) AppleWebKit/537.36 (KHTML, like Gecko) Chrome/56.0.2924.87 Safari/537.36',
  'accept' => 'text/html,application/xhtml+xml,application/xml;q=0.9,image/webp,*/*;q=0.8',
  'referer' => 'http://www.yinglibi.cn/public/index.php/index/user/index',
  'accept-encoding' => 'gzip, deflate, sdch',
  'accept-language' => 'zh-CN,zh;q=0.8',
  'cookie' => 'PHPSESSID=hhd3b8oftqq5msa3ph9naeq0c4',
)
[ info ] [ PARAM ] array (
)
[ info ] [ SESSION ] INIT array (
  'id' => '',
  'var_session_id' => '',
  'prefix' => 'think',
  'type' => '',
  'auto_start' => true,
)
[ info ] [ RUN ] app\index\controller\User->syllabus[ /var/www/html/application/index/controller/User.php ]
[ info ] [ DB ] INIT mysql
[ info ] [ VIEW ] /var/www/html/public/../application/index/view/user/syllabus.html [ array (
  0 => 'syy',
  1 => 'syllabus',
  2 => 'menu',
  3 => 'userInfo',
) ]
[ info ] [ LOG ] INIT File
[ sql ] [ DB ] CONNECT:[ UseTime:0.149097s ] mysql:dbname=school;host=rm-m5e59095v06t3y4m9.mysql.rds.aliyuncs.com;port=3306;charset=utf8
[ sql ] [ SQL ] SHOW COLUMNS FROM `users` [ RunTime:0.100321s ]
[ sql ] [ SQL ] SELECT * FROM `users` `u` INNER JOIN `cmis` `cm` ON `u`.`cmid`=`cm`.`cmid` INNER JOIN `specialty` `sp` ON `cm`.`spid`=`sp`.`spid` INNER JOIN `faculty` `f` ON `sp`.`fid`=`f`.`fid` WHERE  `uid` = '201411041' LIMIT 1    [ RunTime:0.099460s ]

---------------------------------------------------------------
[ 2017-04-05T12:24:50+08:00 ] 47.91.151.224 210.30.108.217 POST /public/index.php/index/user/ajax_syllabus
[ log ] www.yinglibi.cn/public/index.php/index/user/ajax_syllabus [运行时间：21.308338s][吞吐率：0.05req/s] [内存消耗：2,177.54kb] [文件加载：45]
[ info ] [ LANG ] /var/www/html/thinkphp/lang/zh-cn.php
[ info ] [ ROUTE ] array (
  'type' => 'module',
  'module' => 
  array (
    0 => 'index',
    1 => 'user',
    2 => 'ajax_syllabus',
  ),
)
[ info ] [ HEADER ] array (
  'host' => 'www.yinglibi.cn',
  'connection' => 'keep-alive',
  'content-length' => '7',
  'accept' => '*/*',
  'origin' => 'http://www.yinglibi.cn',
  'x-requested-with' => 'XMLHttpRequest',
  'user-agent' => 'Mozilla/5.0 (Windows NT 10.0; WOW64) AppleWebKit/537.36 (KHTML, like Gecko) Chrome/56.0.2924.87 Safari/537.36',
  'content-type' => 'application/x-www-form-urlencoded; charset=UTF-8',
  'referer' => 'http://www.yinglibi.cn/public/index.php/index/user/syllabus',
  'accept-encoding' => 'gzip, deflate',
  'accept-language' => 'zh-CN,zh;q=0.8',
  'cookie' => 'PHPSESSID=hhd3b8oftqq5msa3ph9naeq0c4',
)
[ info ] [ PARAM ] array (
  'year' => '14',
)
[ info ] [ SESSION ] INIT array (
  'id' => '',
  'var_session_id' => '',
  'prefix' => 'think',
  'type' => '',
  'auto_start' => true,
)
[ info ] [ RUN ] app\index\controller\User->ajax_syllabus[ /var/www/html/application/index/controller/User.php ]
[ info ] [ LOG ] INIT File

---------------------------------------------------------------
[ 2017-04-05T12:25:02+08:00 ] 47.91.151.224 210.30.108.217 POST /public/index.php/index/user/ajax_syllabus
[ log ] www.yinglibi.cn/public/index.php/index/user/ajax_syllabus [运行时间：4.353253s][吞吐率：0.23req/s] [内存消耗：2,177.54kb] [文件加载：45]
[ info ] [ LANG ] /var/www/html/thinkphp/lang/zh-cn.php
[ info ] [ ROUTE ] array (
  'type' => 'module',
  'module' => 
  array (
    0 => 'index',
    1 => 'user',
    2 => 'ajax_syllabus',
  ),
)
[ info ] [ HEADER ] array (
  'host' => 'www.yinglibi.cn',
  'connection' => 'keep-alive',
  'content-length' => '7',
  'accept' => '*/*',
  'origin' => 'http://www.yinglibi.cn',
  'x-requested-with' => 'XMLHttpRequest',
  'user-agent' => 'Mozilla/5.0 (Windows NT 10.0; WOW64) AppleWebKit/537.36 (KHTML, like Gecko) Chrome/56.0.2924.87 Safari/537.36',
  'content-type' => 'application/x-www-form-urlencoded; charset=UTF-8',
  'referer' => 'http://www.yinglibi.cn/public/index.php/index/user/syllabus',
  'accept-encoding' => 'gzip, deflate',
  'accept-language' => 'zh-CN,zh;q=0.8',
  'cookie' => 'PHPSESSID=hhd3b8oftqq5msa3ph9naeq0c4',
)
[ info ] [ PARAM ] array (
  'year' => '13',
)
[ info ] [ SESSION ] INIT array (
  'id' => '',
  'var_session_id' => '',
  'prefix' => 'think',
  'type' => '',
  'auto_start' => true,
)
[ info ] [ RUN ] app\index\controller\User->ajax_syllabus[ /var/www/html/application/index/controller/User.php ]
[ info ] [ LOG ] INIT File

---------------------------------------------------------------
