[ 2017-01-27T15:30:00+08:00 ] ::1 ::1 GET /public/index.php/index/login/login.html
[ log ] localhost/public/index.php/index/login/login.html [运行时间：0.034151s][吞吐率：29.28req/s] [内存消耗：2,179.59kb] [文件加载：44]
[ info ] [ LANG ] /var/www/html/thinkphp/lang/zh-cn.php
[ info ] [ ROUTE ] array (
  'type' => 'module',
  'module' => 
  array (
    0 => 'index',
    1 => 'login',
    2 => 'login',
  ),
)
[ info ] [ HEADER ] array (
  'host' => 'localhost',
  'connection' => 'keep-alive',
  'cache-control' => 'max-age=0',
  'upgrade-insecure-requests' => '1',
  'user-agent' => 'Mozilla/5.0 (X11; Linux x86_64) AppleWebKit/537.36 (KHTML, like Gecko) Chrome/55.0.2883.87 Safari/537.36',
  'accept' => 'text/html,application/xhtml+xml,application/xml;q=0.9,image/webp,*/*;q=0.8',
  'accept-encoding' => 'gzip, deflate, sdch, br',
  'accept-language' => 'zh-CN,zh;q=0.8,en-US;q=0.6,en;q=0.4',
  'cookie' => 'pgv_pvi=9720204288; PHPSESSID=bian3f0agvmmfk0bhfloejgl34',
)
[ info ] [ PARAM ] array (
)
[ info ] [ RUN ] app\index\controller\Login->login[ /var/www/html/application/index/controller/Login.php ]
[ info ] [ VIEW ] /var/www/html/public/../application/index/view/login/login.html [ array (
) ]
[ info ] [ LOG ] INIT File

---------------------------------------------------------------
[ 2017-01-27T16:03:32+08:00 ] ::1 ::1 GET /public/index.php/index/login/login.html
[ log ] localhost/public/index.php/index/login/login.html [运行时间：0.027932s][吞吐率：35.80req/s] [内存消耗：2,180.19kb] [文件加载：44]
[ info ] [ LANG ] /var/www/html/thinkphp/lang/zh-cn.php
[ info ] [ ROUTE ] array (
  'type' => 'module',
  'module' => 
  array (
    0 => 'index',
    1 => 'login',
    2 => 'login',
  ),
)
[ info ] [ HEADER ] array (
  'host' => 'localhost',
  'connection' => 'keep-alive',
  'cache-control' => 'max-age=0',
  'upgrade-insecure-requests' => '1',
  'user-agent' => 'Mozilla/5.0 (X11; Linux x86_64) AppleWebKit/537.36 (KHTML, like Gecko) Chrome/55.0.2883.87 Safari/537.36',
  'accept' => 'text/html,application/xhtml+xml,application/xml;q=0.9,image/webp,*/*;q=0.8',
  'accept-encoding' => 'gzip, deflate, sdch, br',
  'accept-language' => 'zh-CN,zh;q=0.8,en-US;q=0.6,en;q=0.4',
  'cookie' => 'pgv_pvi=9720204288; PHPSESSID=bian3f0agvmmfk0bhfloejgl34',
)
[ info ] [ PARAM ] array (
)
[ info ] [ RUN ] app\index\controller\Login->login[ /var/www/html/application/index/controller/Login.php ]
[ info ] [ VIEW ] /var/www/html/public/../application/index/view/login/login.html [ array (
) ]
[ info ] [ LOG ] INIT File

---------------------------------------------------------------
[ 2017-01-27T16:03:47+08:00 ] ::1 ::1 GET /public/index.php/index/login/login.html
[ log ] localhost/public/index.php/index/login/login.html [运行时间：0.030145s][吞吐率：33.17req/s] [内存消耗：1,993.48kb] [文件加载：42]
[ info ] [ LANG ] /var/www/html/thinkphp/lang/zh-cn.php
[ info ] [ ROUTE ] array (
  'type' => 'module',
  'module' => 
  array (
    0 => 'index',
    1 => 'login',
    2 => 'login',
  ),
)
[ info ] [ HEADER ] array (
  'host' => 'localhost',
  'connection' => 'keep-alive',
  'cache-control' => 'max-age=0',
  'upgrade-insecure-requests' => '1',
  'user-agent' => 'Mozilla/5.0 (X11; Linux x86_64) AppleWebKit/537.36 (KHTML, like Gecko) Chrome/55.0.2883.87 Safari/537.36',
  'accept' => 'text/html,application/xhtml+xml,application/xml;q=0.9,image/webp,*/*;q=0.8',
  'accept-encoding' => 'gzip, deflate, sdch, br',
  'accept-language' => 'zh-CN,zh;q=0.8,en-US;q=0.6,en;q=0.4',
  'cookie' => 'pgv_pvi=9720204288; PHPSESSID=bian3f0agvmmfk0bhfloejgl34',
)
[ info ] [ PARAM ] array (
)
[ info ] [ RUN ] app\index\controller\Login->login[ /var/www/html/application/index/controller/Login.php ]
[ info ] [ VIEW ] /var/www/html/public/../application/index/view/login/login.html [ array (
) ]
[ info ] [ LOG ] INIT File

---------------------------------------------------------------
[ 2017-01-27T16:05:51+08:00 ] ::1 ::1 GET /public/index.php/index/login/login.html
[ log ] localhost/public/index.php/index/login/login.html [运行时间：0.031358s][吞吐率：31.89req/s] [内存消耗：2,180.24kb] [文件加载：44]
[ info ] [ LANG ] /var/www/html/thinkphp/lang/zh-cn.php
[ info ] [ ROUTE ] array (
  'type' => 'module',
  'module' => 
  array (
    0 => 'index',
    1 => 'login',
    2 => 'login',
  ),
)
[ info ] [ HEADER ] array (
  'host' => 'localhost',
  'connection' => 'keep-alive',
  'cache-control' => 'max-age=0',
  'upgrade-insecure-requests' => '1',
  'user-agent' => 'Mozilla/5.0 (X11; Linux x86_64) AppleWebKit/537.36 (KHTML, like Gecko) Chrome/55.0.2883.87 Safari/537.36',
  'accept' => 'text/html,application/xhtml+xml,application/xml;q=0.9,image/webp,*/*;q=0.8',
  'accept-encoding' => 'gzip, deflate, sdch, br',
  'accept-language' => 'zh-CN,zh;q=0.8,en-US;q=0.6,en;q=0.4',
  'cookie' => 'pgv_pvi=9720204288; PHPSESSID=bian3f0agvmmfk0bhfloejgl34',
)
[ info ] [ PARAM ] array (
)
[ info ] [ RUN ] app\index\controller\Login->login[ /var/www/html/application/index/controller/Login.php ]
[ info ] [ VIEW ] /var/www/html/public/../application/index/view/login/login.html [ array (
) ]
[ info ] [ LOG ] INIT File

---------------------------------------------------------------
[ 2017-01-27T16:06:14+08:00 ] ::1 ::1 GET /public/index.php/index/login/login.html
[ log ] localhost/public/index.php/index/login/login.html [运行时间：0.033038s][吞吐率：30.27req/s] [内存消耗：2,180.24kb] [文件加载：44]
[ info ] [ LANG ] /var/www/html/thinkphp/lang/zh-cn.php
[ info ] [ ROUTE ] array (
  'type' => 'module',
  'module' => 
  array (
    0 => 'index',
    1 => 'login',
    2 => 'login',
  ),
)
[ info ] [ HEADER ] array (
  'host' => 'localhost',
  'connection' => 'keep-alive',
  'cache-control' => 'max-age=0',
  'upgrade-insecure-requests' => '1',
  'user-agent' => 'Mozilla/5.0 (X11; Linux x86_64) AppleWebKit/537.36 (KHTML, like Gecko) Chrome/55.0.2883.87 Safari/537.36',
  'accept' => 'text/html,application/xhtml+xml,application/xml;q=0.9,image/webp,*/*;q=0.8',
  'accept-encoding' => 'gzip, deflate, sdch, br',
  'accept-language' => 'zh-CN,zh;q=0.8,en-US;q=0.6,en;q=0.4',
  'cookie' => 'pgv_pvi=9720204288; PHPSESSID=bian3f0agvmmfk0bhfloejgl34',
)
[ info ] [ PARAM ] array (
)
[ info ] [ RUN ] app\index\controller\Login->login[ /var/www/html/application/index/controller/Login.php ]
[ info ] [ VIEW ] /var/www/html/public/../application/index/view/login/login.html [ array (
) ]
[ info ] [ LOG ] INIT File

---------------------------------------------------------------
[ 2017-01-27T16:08:00+08:00 ] ::1 ::1 GET /public/index.php/index/login/login.html
[ log ] localhost/public/index.php/index/login/login.html [运行时间：0.026783s][吞吐率：37.34req/s] [内存消耗：1,993.48kb] [文件加载：42]
[ info ] [ LANG ] /var/www/html/thinkphp/lang/zh-cn.php
[ info ] [ ROUTE ] array (
  'type' => 'module',
  'module' => 
  array (
    0 => 'index',
    1 => 'login',
    2 => 'login',
  ),
)
[ info ] [ HEADER ] array (
  'host' => 'localhost',
  'connection' => 'keep-alive',
  'cache-control' => 'max-age=0',
  'upgrade-insecure-requests' => '1',
  'user-agent' => 'Mozilla/5.0 (X11; Linux x86_64) AppleWebKit/537.36 (KHTML, like Gecko) Chrome/55.0.2883.87 Safari/537.36',
  'accept' => 'text/html,application/xhtml+xml,application/xml;q=0.9,image/webp,*/*;q=0.8',
  'accept-encoding' => 'gzip, deflate, sdch, br',
  'accept-language' => 'zh-CN,zh;q=0.8,en-US;q=0.6,en;q=0.4',
  'cookie' => 'pgv_pvi=9720204288; PHPSESSID=bian3f0agvmmfk0bhfloejgl34',
)
[ info ] [ PARAM ] array (
)
[ info ] [ RUN ] app\index\controller\Login->login[ /var/www/html/application/index/controller/Login.php ]
[ info ] [ VIEW ] /var/www/html/public/../application/index/view/login/login.html [ array (
) ]
[ info ] [ LOG ] INIT File

---------------------------------------------------------------
[ 2017-01-27T16:08:13+08:00 ] ::1 ::1 GET /public/index.php/index/login/login.html
[ log ] localhost/public/index.php/index/login/login.html [运行时间：0.028659s][吞吐率：34.89req/s] [内存消耗：2,180.30kb] [文件加载：44]
[ info ] [ LANG ] /var/www/html/thinkphp/lang/zh-cn.php
[ info ] [ ROUTE ] array (
  'type' => 'module',
  'module' => 
  array (
    0 => 'index',
    1 => 'login',
    2 => 'login',
  ),
)
[ info ] [ HEADER ] array (
  'host' => 'localhost',
  'connection' => 'keep-alive',
  'cache-control' => 'max-age=0',
  'upgrade-insecure-requests' => '1',
  'user-agent' => 'Mozilla/5.0 (X11; Linux x86_64) AppleWebKit/537.36 (KHTML, like Gecko) Chrome/55.0.2883.87 Safari/537.36',
  'accept' => 'text/html,application/xhtml+xml,application/xml;q=0.9,image/webp,*/*;q=0.8',
  'accept-encoding' => 'gzip, deflate, sdch, br',
  'accept-language' => 'zh-CN,zh;q=0.8,en-US;q=0.6,en;q=0.4',
  'cookie' => 'pgv_pvi=9720204288; PHPSESSID=bian3f0agvmmfk0bhfloejgl34',
)
[ info ] [ PARAM ] array (
)
[ info ] [ RUN ] app\index\controller\Login->login[ /var/www/html/application/index/controller/Login.php ]
[ info ] [ VIEW ] /var/www/html/public/../application/index/view/login/login.html [ array (
) ]
[ info ] [ LOG ] INIT File

---------------------------------------------------------------
[ 2017-01-27T16:08:22+08:00 ] ::1 ::1 GET /public/index.php/index/login/login.html
[ log ] localhost/public/index.php/index/login/login.html [运行时间：0.026744s][吞吐率：37.39req/s] [内存消耗：2,180.24kb] [文件加载：44]
[ info ] [ LANG ] /var/www/html/thinkphp/lang/zh-cn.php
[ info ] [ ROUTE ] array (
  'type' => 'module',
  'module' => 
  array (
    0 => 'index',
    1 => 'login',
    2 => 'login',
  ),
)
[ info ] [ HEADER ] array (
  'host' => 'localhost',
  'connection' => 'keep-alive',
  'cache-control' => 'max-age=0',
  'upgrade-insecure-requests' => '1',
  'user-agent' => 'Mozilla/5.0 (X11; Linux x86_64) AppleWebKit/537.36 (KHTML, like Gecko) Chrome/55.0.2883.87 Safari/537.36',
  'accept' => 'text/html,application/xhtml+xml,application/xml;q=0.9,image/webp,*/*;q=0.8',
  'accept-encoding' => 'gzip, deflate, sdch, br',
  'accept-language' => 'zh-CN,zh;q=0.8,en-US;q=0.6,en;q=0.4',
  'cookie' => 'pgv_pvi=9720204288; PHPSESSID=bian3f0agvmmfk0bhfloejgl34',
)
[ info ] [ PARAM ] array (
)
[ info ] [ RUN ] app\index\controller\Login->login[ /var/www/html/application/index/controller/Login.php ]
[ info ] [ VIEW ] /var/www/html/public/../application/index/view/login/login.html [ array (
) ]
[ info ] [ LOG ] INIT File

---------------------------------------------------------------
[ 2017-01-27T16:11:28+08:00 ] ::1 ::1 GET /public/index.php/index/login/login.html
[ log ] localhost/public/index.php/index/login/login.html [运行时间：0.028458s][吞吐率：35.14req/s] [内存消耗：1,993.48kb] [文件加载：42]
[ info ] [ LANG ] /var/www/html/thinkphp/lang/zh-cn.php
[ info ] [ ROUTE ] array (
  'type' => 'module',
  'module' => 
  array (
    0 => 'index',
    1 => 'login',
    2 => 'login',
  ),
)
[ info ] [ HEADER ] array (
  'host' => 'localhost',
  'connection' => 'keep-alive',
  'cache-control' => 'max-age=0',
  'upgrade-insecure-requests' => '1',
  'user-agent' => 'Mozilla/5.0 (X11; Linux x86_64) AppleWebKit/537.36 (KHTML, like Gecko) Chrome/55.0.2883.87 Safari/537.36',
  'accept' => 'text/html,application/xhtml+xml,application/xml;q=0.9,image/webp,*/*;q=0.8',
  'accept-encoding' => 'gzip, deflate, sdch, br',
  'accept-language' => 'zh-CN,zh;q=0.8,en-US;q=0.6,en;q=0.4',
  'cookie' => 'pgv_pvi=9720204288; PHPSESSID=bian3f0agvmmfk0bhfloejgl34',
)
[ info ] [ PARAM ] array (
)
[ info ] [ RUN ] app\index\controller\Login->login[ /var/www/html/application/index/controller/Login.php ]
[ info ] [ VIEW ] /var/www/html/public/../application/index/view/login/login.html [ array (
) ]
[ info ] [ LOG ] INIT File

---------------------------------------------------------------
[ 2017-01-27T16:11:35+08:00 ] ::1 ::1 GET /public/index.php/index/login/login.html
[ log ] localhost/public/index.php/index/login/login.html [运行时间：0.029444s][吞吐率：33.96req/s] [内存消耗：1,993.48kb] [文件加载：42]
[ info ] [ LANG ] /var/www/html/thinkphp/lang/zh-cn.php
[ info ] [ ROUTE ] array (
  'type' => 'module',
  'module' => 
  array (
    0 => 'index',
    1 => 'login',
    2 => 'login',
  ),
)
[ info ] [ HEADER ] array (
  'host' => 'localhost',
  'connection' => 'keep-alive',
  'cache-control' => 'max-age=0',
  'upgrade-insecure-requests' => '1',
  'user-agent' => 'Mozilla/5.0 (X11; Linux x86_64) AppleWebKit/537.36 (KHTML, like Gecko) Chrome/55.0.2883.87 Safari/537.36',
  'accept' => 'text/html,application/xhtml+xml,application/xml;q=0.9,image/webp,*/*;q=0.8',
  'accept-encoding' => 'gzip, deflate, sdch, br',
  'accept-language' => 'zh-CN,zh;q=0.8,en-US;q=0.6,en;q=0.4',
  'cookie' => 'pgv_pvi=9720204288; PHPSESSID=bian3f0agvmmfk0bhfloejgl34',
)
[ info ] [ PARAM ] array (
)
[ info ] [ RUN ] app\index\controller\Login->login[ /var/www/html/application/index/controller/Login.php ]
[ info ] [ VIEW ] /var/www/html/public/../application/index/view/login/login.html [ array (
) ]
[ info ] [ LOG ] INIT File

---------------------------------------------------------------
[ 2017-01-27T16:11:36+08:00 ] ::1 ::1 GET /public/index.php/index/login/login.html
[ log ] localhost/public/index.php/index/login/login.html [运行时间：0.031341s][吞吐率：31.91req/s] [内存消耗：1,993.48kb] [文件加载：42]
[ info ] [ LANG ] /var/www/html/thinkphp/lang/zh-cn.php
[ info ] [ ROUTE ] array (
  'type' => 'module',
  'module' => 
  array (
    0 => 'index',
    1 => 'login',
    2 => 'login',
  ),
)
[ info ] [ HEADER ] array (
  'host' => 'localhost',
  'connection' => 'keep-alive',
  'cache-control' => 'max-age=0',
  'upgrade-insecure-requests' => '1',
  'user-agent' => 'Mozilla/5.0 (X11; Linux x86_64) AppleWebKit/537.36 (KHTML, like Gecko) Chrome/55.0.2883.87 Safari/537.36',
  'accept' => 'text/html,application/xhtml+xml,application/xml;q=0.9,image/webp,*/*;q=0.8',
  'accept-encoding' => 'gzip, deflate, sdch, br',
  'accept-language' => 'zh-CN,zh;q=0.8,en-US;q=0.6,en;q=0.4',
  'cookie' => 'pgv_pvi=9720204288; PHPSESSID=bian3f0agvmmfk0bhfloejgl34',
)
[ info ] [ PARAM ] array (
)
[ info ] [ RUN ] app\index\controller\Login->login[ /var/www/html/application/index/controller/Login.php ]
[ info ] [ VIEW ] /var/www/html/public/../application/index/view/login/login.html [ array (
) ]
[ info ] [ LOG ] INIT File

---------------------------------------------------------------
[ 2017-01-27T16:11:36+08:00 ] ::1 ::1 GET /public/index.php/index/login/login.html
[ log ] localhost/public/index.php/index/login/login.html [运行时间：0.029213s][吞吐率：34.23req/s] [内存消耗：1,993.48kb] [文件加载：42]
[ info ] [ LANG ] /var/www/html/thinkphp/lang/zh-cn.php
[ info ] [ ROUTE ] array (
  'type' => 'module',
  'module' => 
  array (
    0 => 'index',
    1 => 'login',
    2 => 'login',
  ),
)
[ info ] [ HEADER ] array (
  'host' => 'localhost',
  'connection' => 'keep-alive',
  'cache-control' => 'max-age=0',
  'upgrade-insecure-requests' => '1',
  'user-agent' => 'Mozilla/5.0 (X11; Linux x86_64) AppleWebKit/537.36 (KHTML, like Gecko) Chrome/55.0.2883.87 Safari/537.36',
  'accept' => 'text/html,application/xhtml+xml,application/xml;q=0.9,image/webp,*/*;q=0.8',
  'accept-encoding' => 'gzip, deflate, sdch, br',
  'accept-language' => 'zh-CN,zh;q=0.8,en-US;q=0.6,en;q=0.4',
  'cookie' => 'pgv_pvi=9720204288; PHPSESSID=bian3f0agvmmfk0bhfloejgl34',
)
[ info ] [ PARAM ] array (
)
[ info ] [ RUN ] app\index\controller\Login->login[ /var/www/html/application/index/controller/Login.php ]
[ info ] [ VIEW ] /var/www/html/public/../application/index/view/login/login.html [ array (
) ]
[ info ] [ LOG ] INIT File

---------------------------------------------------------------
[ 2017-01-27T16:11:55+08:00 ] ::1 ::1 GET /public/index.php/index/login/login.html
[ log ] localhost/public/index.php/index/login/login.html [运行时间：0.030329s][吞吐率：32.97req/s] [内存消耗：1,993.48kb] [文件加载：42]
[ info ] [ LANG ] /var/www/html/thinkphp/lang/zh-cn.php
[ info ] [ ROUTE ] array (
  'type' => 'module',
  'module' => 
  array (
    0 => 'index',
    1 => 'login',
    2 => 'login',
  ),
)
[ info ] [ HEADER ] array (
  'host' => 'localhost',
  'connection' => 'keep-alive',
  'cache-control' => 'max-age=0',
  'upgrade-insecure-requests' => '1',
  'user-agent' => 'Mozilla/5.0 (X11; Linux x86_64) AppleWebKit/537.36 (KHTML, like Gecko) Chrome/55.0.2883.87 Safari/537.36',
  'accept' => 'text/html,application/xhtml+xml,application/xml;q=0.9,image/webp,*/*;q=0.8',
  'accept-encoding' => 'gzip, deflate, sdch, br',
  'accept-language' => 'zh-CN,zh;q=0.8,en-US;q=0.6,en;q=0.4',
  'cookie' => 'pgv_pvi=9720204288; PHPSESSID=bian3f0agvmmfk0bhfloejgl34',
)
[ info ] [ PARAM ] array (
)
[ info ] [ RUN ] app\index\controller\Login->login[ /var/www/html/application/index/controller/Login.php ]
[ info ] [ VIEW ] /var/www/html/public/../application/index/view/login/login.html [ array (
) ]
[ info ] [ LOG ] INIT File

---------------------------------------------------------------
[ 2017-01-27T16:15:44+08:00 ] ::1 ::1 GET /public/index.php/index/login/login.html
[ log ] localhost/public/index.php/index/login/login.html [运行时间：0.032260s][吞吐率：31.00req/s] [内存消耗：2,180.41kb] [文件加载：44]
[ info ] [ LANG ] /var/www/html/thinkphp/lang/zh-cn.php
[ info ] [ ROUTE ] array (
  'type' => 'module',
  'module' => 
  array (
    0 => 'index',
    1 => 'login',
    2 => 'login',
  ),
)
[ info ] [ HEADER ] array (
  'host' => 'localhost',
  'connection' => 'keep-alive',
  'cache-control' => 'max-age=0',
  'upgrade-insecure-requests' => '1',
  'user-agent' => 'Mozilla/5.0 (X11; Linux x86_64) AppleWebKit/537.36 (KHTML, like Gecko) Chrome/55.0.2883.87 Safari/537.36',
  'accept' => 'text/html,application/xhtml+xml,application/xml;q=0.9,image/webp,*/*;q=0.8',
  'accept-encoding' => 'gzip, deflate, sdch, br',
  'accept-language' => 'zh-CN,zh;q=0.8,en-US;q=0.6,en;q=0.4',
  'cookie' => 'pgv_pvi=9720204288; PHPSESSID=bian3f0agvmmfk0bhfloejgl34',
)
[ info ] [ PARAM ] array (
)
[ info ] [ RUN ] app\index\controller\Login->login[ /var/www/html/application/index/controller/Login.php ]
[ info ] [ VIEW ] /var/www/html/public/../application/index/view/login/login.html [ array (
) ]
[ info ] [ LOG ] INIT File

---------------------------------------------------------------
[ 2017-01-27T16:17:58+08:00 ] ::1 ::1 GET /public/index.php/index/login/login.html
[ log ] localhost/public/index.php/index/login/login.html [运行时间：0.034339s][吞吐率：29.12req/s] [内存消耗：2,180.46kb] [文件加载：44]
[ info ] [ LANG ] /var/www/html/thinkphp/lang/zh-cn.php
[ info ] [ ROUTE ] array (
  'type' => 'module',
  'module' => 
  array (
    0 => 'index',
    1 => 'login',
    2 => 'login',
  ),
)
[ info ] [ HEADER ] array (
  'host' => 'localhost',
  'connection' => 'keep-alive',
  'cache-control' => 'max-age=0',
  'upgrade-insecure-requests' => '1',
  'user-agent' => 'Mozilla/5.0 (X11; Linux x86_64) AppleWebKit/537.36 (KHTML, like Gecko) Chrome/55.0.2883.87 Safari/537.36',
  'accept' => 'text/html,application/xhtml+xml,application/xml;q=0.9,image/webp,*/*;q=0.8',
  'accept-encoding' => 'gzip, deflate, sdch, br',
  'accept-language' => 'zh-CN,zh;q=0.8,en-US;q=0.6,en;q=0.4',
  'cookie' => 'pgv_pvi=9720204288; PHPSESSID=bian3f0agvmmfk0bhfloejgl34',
)
[ info ] [ PARAM ] array (
)
[ info ] [ RUN ] app\index\controller\Login->login[ /var/www/html/application/index/controller/Login.php ]
[ info ] [ VIEW ] /var/www/html/public/../application/index/view/login/login.html [ array (
) ]
[ info ] [ LOG ] INIT File

---------------------------------------------------------------
[ 2017-01-27T16:18:00+08:00 ] ::1 ::1 GET /public/index.php/index/login/login.html
[ log ] localhost/public/index.php/index/login/login.html [运行时间：0.024411s][吞吐率：40.96req/s] [内存消耗：1,993.48kb] [文件加载：42]
[ info ] [ LANG ] /var/www/html/thinkphp/lang/zh-cn.php
[ info ] [ ROUTE ] array (
  'type' => 'module',
  'module' => 
  array (
    0 => 'index',
    1 => 'login',
    2 => 'login',
  ),
)
[ info ] [ HEADER ] array (
  'host' => 'localhost',
  'connection' => 'keep-alive',
  'cache-control' => 'max-age=0',
  'upgrade-insecure-requests' => '1',
  'user-agent' => 'Mozilla/5.0 (X11; Linux x86_64) AppleWebKit/537.36 (KHTML, like Gecko) Chrome/55.0.2883.87 Safari/537.36',
  'accept' => 'text/html,application/xhtml+xml,application/xml;q=0.9,image/webp,*/*;q=0.8',
  'accept-encoding' => 'gzip, deflate, sdch, br',
  'accept-language' => 'zh-CN,zh;q=0.8,en-US;q=0.6,en;q=0.4',
  'cookie' => 'pgv_pvi=9720204288; PHPSESSID=bian3f0agvmmfk0bhfloejgl34',
)
[ info ] [ PARAM ] array (
)
[ info ] [ RUN ] app\index\controller\Login->login[ /var/www/html/application/index/controller/Login.php ]
[ info ] [ VIEW ] /var/www/html/public/../application/index/view/login/login.html [ array (
) ]
[ info ] [ LOG ] INIT File

---------------------------------------------------------------
[ 2017-01-27T16:18:15+08:00 ] ::1 ::1 GET /public/index.php/index/login/login.html
[ log ] localhost/public/index.php/index/login/login.html [运行时间：0.034231s][吞吐率：29.21req/s] [内存消耗：1,993.48kb] [文件加载：42]
[ info ] [ LANG ] /var/www/html/thinkphp/lang/zh-cn.php
[ info ] [ ROUTE ] array (
  'type' => 'module',
  'module' => 
  array (
    0 => 'index',
    1 => 'login',
    2 => 'login',
  ),
)
[ info ] [ HEADER ] array (
  'host' => 'localhost',
  'connection' => 'keep-alive',
  'cache-control' => 'max-age=0',
  'upgrade-insecure-requests' => '1',
  'user-agent' => 'Mozilla/5.0 (X11; Linux x86_64) AppleWebKit/537.36 (KHTML, like Gecko) Chrome/55.0.2883.87 Safari/537.36',
  'accept' => 'text/html,application/xhtml+xml,application/xml;q=0.9,image/webp,*/*;q=0.8',
  'accept-encoding' => 'gzip, deflate, sdch, br',
  'accept-language' => 'zh-CN,zh;q=0.8,en-US;q=0.6,en;q=0.4',
  'cookie' => 'pgv_pvi=9720204288; PHPSESSID=bian3f0agvmmfk0bhfloejgl34',
)
[ info ] [ PARAM ] array (
)
[ info ] [ RUN ] app\index\controller\Login->login[ /var/www/html/application/index/controller/Login.php ]
[ info ] [ VIEW ] /var/www/html/public/../application/index/view/login/login.html [ array (
) ]
[ info ] [ LOG ] INIT File

---------------------------------------------------------------
[ 2017-01-27T16:18:54+08:00 ] ::1 ::1 GET /public/index.php/index/login/login.html
[ log ] localhost/public/index.php/index/login/login.html [运行时间：0.030203s][吞吐率：33.11req/s] [内存消耗：1,993.48kb] [文件加载：42]
[ info ] [ LANG ] /var/www/html/thinkphp/lang/zh-cn.php
[ info ] [ ROUTE ] array (
  'type' => 'module',
  'module' => 
  array (
    0 => 'index',
    1 => 'login',
    2 => 'login',
  ),
)
[ info ] [ HEADER ] array (
  'host' => 'localhost',
  'connection' => 'keep-alive',
  'cache-control' => 'max-age=0',
  'upgrade-insecure-requests' => '1',
  'user-agent' => 'Mozilla/5.0 (X11; Linux x86_64) AppleWebKit/537.36 (KHTML, like Gecko) Chrome/55.0.2883.87 Safari/537.36',
  'accept' => 'text/html,application/xhtml+xml,application/xml;q=0.9,image/webp,*/*;q=0.8',
  'accept-encoding' => 'gzip, deflate, sdch, br',
  'accept-language' => 'zh-CN,zh;q=0.8,en-US;q=0.6,en;q=0.4',
  'cookie' => 'pgv_pvi=9720204288; PHPSESSID=bian3f0agvmmfk0bhfloejgl34',
)
[ info ] [ PARAM ] array (
)
[ info ] [ RUN ] app\index\controller\Login->login[ /var/www/html/application/index/controller/Login.php ]
[ info ] [ VIEW ] /var/www/html/public/../application/index/view/login/login.html [ array (
) ]
[ info ] [ LOG ] INIT File

---------------------------------------------------------------
[ 2017-01-27T16:21:00+08:00 ] ::1 ::1 GET /public/index.php/index/login/login.html
[ log ] localhost/public/index.php/index/login/login.html [运行时间：0.041847s][吞吐率：23.90req/s] [内存消耗：1,993.48kb] [文件加载：42]
[ info ] [ LANG ] /var/www/html/thinkphp/lang/zh-cn.php
[ info ] [ ROUTE ] array (
  'type' => 'module',
  'module' => 
  array (
    0 => 'index',
    1 => 'login',
    2 => 'login',
  ),
)
[ info ] [ HEADER ] array (
  'host' => 'localhost',
  'connection' => 'keep-alive',
  'cache-control' => 'max-age=0',
  'upgrade-insecure-requests' => '1',
  'user-agent' => 'Mozilla/5.0 (X11; Linux x86_64) AppleWebKit/537.36 (KHTML, like Gecko) Chrome/55.0.2883.87 Safari/537.36',
  'accept' => 'text/html,application/xhtml+xml,application/xml;q=0.9,image/webp,*/*;q=0.8',
  'accept-encoding' => 'gzip, deflate, sdch, br',
  'accept-language' => 'zh-CN,zh;q=0.8,en-US;q=0.6,en;q=0.4',
  'cookie' => 'pgv_pvi=9720204288; PHPSESSID=bian3f0agvmmfk0bhfloejgl34',
)
[ info ] [ PARAM ] array (
)
[ info ] [ RUN ] app\index\controller\Login->login[ /var/www/html/application/index/controller/Login.php ]
[ info ] [ VIEW ] /var/www/html/public/../application/index/view/login/login.html [ array (
) ]
[ info ] [ LOG ] INIT File

---------------------------------------------------------------
[ 2017-01-27T16:24:40+08:00 ] ::1 ::1 GET /public/index.php/index/login/login.html
[ log ] localhost/public/index.php/index/login/login.html [运行时间：0.031609s][吞吐率：31.64req/s] [内存消耗：2,180.40kb] [文件加载：44]
[ info ] [ LANG ] /var/www/html/thinkphp/lang/zh-cn.php
[ info ] [ ROUTE ] array (
  'type' => 'module',
  'module' => 
  array (
    0 => 'index',
    1 => 'login',
    2 => 'login',
  ),
)
[ info ] [ HEADER ] array (
  'host' => 'localhost',
  'connection' => 'keep-alive',
  'cache-control' => 'max-age=0',
  'upgrade-insecure-requests' => '1',
  'user-agent' => 'Mozilla/5.0 (X11; Linux x86_64) AppleWebKit/537.36 (KHTML, like Gecko) Chrome/55.0.2883.87 Safari/537.36',
  'accept' => 'text/html,application/xhtml+xml,application/xml;q=0.9,image/webp,*/*;q=0.8',
  'accept-encoding' => 'gzip, deflate, sdch, br',
  'accept-language' => 'zh-CN,zh;q=0.8,en-US;q=0.6,en;q=0.4',
  'cookie' => 'pgv_pvi=9720204288; PHPSESSID=bian3f0agvmmfk0bhfloejgl34',
)
[ info ] [ PARAM ] array (
)
[ info ] [ RUN ] app\index\controller\Login->login[ /var/www/html/application/index/controller/Login.php ]
[ info ] [ VIEW ] /var/www/html/public/../application/index/view/login/login.html [ array (
) ]
[ info ] [ LOG ] INIT File

---------------------------------------------------------------
[ 2017-01-27T16:25:15+08:00 ] ::1 ::1 GET /public/index.php/index/login/login.html?
[ log ] localhost/public/index.php/index/login/login.html? [运行时间：0.040541s][吞吐率：24.67req/s] [内存消耗：1,993.59kb] [文件加载：42]
[ info ] [ LANG ] /var/www/html/thinkphp/lang/zh-cn.php
[ info ] [ ROUTE ] array (
  'type' => 'module',
  'module' => 
  array (
    0 => 'index',
    1 => 'login',
    2 => 'login',
  ),
)
[ info ] [ HEADER ] array (
  'host' => 'localhost',
  'connection' => 'keep-alive',
  'upgrade-insecure-requests' => '1',
  'user-agent' => 'Mozilla/5.0 (X11; Linux x86_64) AppleWebKit/537.36 (KHTML, like Gecko) Chrome/55.0.2883.87 Safari/537.36',
  'accept' => 'text/html,application/xhtml+xml,application/xml;q=0.9,image/webp,*/*;q=0.8',
  'referer' => 'http://localhost/public/index.php/index/login/login.html',
  'accept-encoding' => 'gzip, deflate, sdch, br',
  'accept-language' => 'zh-CN,zh;q=0.8,en-US;q=0.6,en;q=0.4',
  'cookie' => 'pgv_pvi=9720204288; PHPSESSID=bian3f0agvmmfk0bhfloejgl34',
)
[ info ] [ PARAM ] array (
)
[ info ] [ RUN ] app\index\controller\Login->login[ /var/www/html/application/index/controller/Login.php ]
[ info ] [ VIEW ] /var/www/html/public/../application/index/view/login/login.html [ array (
) ]
[ info ] [ LOG ] INIT File

---------------------------------------------------------------
[ 2017-01-27T16:25:18+08:00 ] ::1 ::1 GET /public/index.php/index/login/login.html?
[ log ] localhost/public/index.php/index/login/login.html? [运行时间：0.030406s][吞吐率：32.89req/s] [内存消耗：1,993.52kb] [文件加载：42]
[ info ] [ LANG ] /var/www/html/thinkphp/lang/zh-cn.php
[ info ] [ ROUTE ] array (
  'type' => 'module',
  'module' => 
  array (
    0 => 'index',
    1 => 'login',
    2 => 'login',
  ),
)
[ info ] [ HEADER ] array (
  'host' => 'localhost',
  'connection' => 'keep-alive',
  'cache-control' => 'max-age=0',
  'upgrade-insecure-requests' => '1',
  'user-agent' => 'Mozilla/5.0 (X11; Linux x86_64) AppleWebKit/537.36 (KHTML, like Gecko) Chrome/55.0.2883.87 Safari/537.36',
  'accept' => 'text/html,application/xhtml+xml,application/xml;q=0.9,image/webp,*/*;q=0.8',
  'referer' => 'http://localhost/public/index.php/index/login/login.html',
  'accept-encoding' => 'gzip, deflate, sdch, br',
  'accept-language' => 'zh-CN,zh;q=0.8,en-US;q=0.6,en;q=0.4',
  'cookie' => 'pgv_pvi=9720204288; PHPSESSID=bian3f0agvmmfk0bhfloejgl34',
)
[ info ] [ PARAM ] array (
)
[ info ] [ RUN ] app\index\controller\Login->login[ /var/www/html/application/index/controller/Login.php ]
[ info ] [ VIEW ] /var/www/html/public/../application/index/view/login/login.html [ array (
) ]
[ info ] [ LOG ] INIT File

---------------------------------------------------------------
[ 2017-01-27T16:25:21+08:00 ] ::1 ::1 GET /public/index.php/index/login/login.html
[ log ] localhost/public/index.php/index/login/login.html [运行时间：0.051834s][吞吐率：19.29req/s] [内存消耗：1,993.35kb] [文件加载：42]
[ info ] [ LANG ] /var/www/html/thinkphp/lang/zh-cn.php
[ info ] [ ROUTE ] array (
  'type' => 'module',
  'module' => 
  array (
    0 => 'index',
    1 => 'login',
    2 => 'login',
  ),
)
[ info ] [ HEADER ] array (
  'host' => 'localhost',
  'connection' => 'keep-alive',
  'upgrade-insecure-requests' => '1',
  'user-agent' => 'Mozilla/5.0 (X11; Linux x86_64) AppleWebKit/537.36 (KHTML, like Gecko) Chrome/55.0.2883.87 Safari/537.36',
  'accept' => 'text/html,application/xhtml+xml,application/xml;q=0.9,image/webp,*/*;q=0.8',
  'accept-encoding' => 'gzip, deflate, sdch, br',
  'accept-language' => 'zh-CN,zh;q=0.8,en-US;q=0.6,en;q=0.4',
  'cookie' => 'pgv_pvi=9720204288; PHPSESSID=bian3f0agvmmfk0bhfloejgl34',
)
[ info ] [ PARAM ] array (
)
[ info ] [ RUN ] app\index\controller\Login->login[ /var/www/html/application/index/controller/Login.php ]
[ info ] [ VIEW ] /var/www/html/public/../application/index/view/login/login.html [ array (
) ]
[ info ] [ LOG ] INIT File

---------------------------------------------------------------
