[ 2017-02-10T10:00:09+08:00 ] ::1 ::1 GET /public/index.php/index/user/syllabus
[ log ] localhost/public/index.php/index/user/syllabus [运行时间：20.586031s][吞吐率：0.05req/s] [内存消耗：3,024.66kb] [文件加载：54]
[ info ] [ LANG ] /var/www/html/thinkphp/lang/zh-cn.php
[ info ] [ ROUTE ] array (
  'type' => 'module',
  'module' => 
  array (
    0 => 'index',
    1 => 'user',
    2 => 'syllabus',
  ),
)
[ info ] [ HEADER ] array (
  'host' => 'localhost',
  'connection' => 'keep-alive',
  'upgrade-insecure-requests' => '1',
  'user-agent' => 'Mozilla/5.0 (X11; Linux x86_64) AppleWebKit/537.36 (KHTML, like Gecko) Chrome/55.0.2883.87 Safari/537.36',
  'accept' => 'text/html,application/xhtml+xml,application/xml;q=0.9,image/webp,*/*;q=0.8',
  'referer' => 'http://localhost/public/index.php/index/user/syllabus',
  'accept-encoding' => 'gzip, deflate, sdch, br',
  'accept-language' => 'zh-CN,zh;q=0.8,en-US;q=0.6,en;q=0.4',
  'cookie' => 'pgv_pvi=9720204288; PHPSESSID=2p7fqe3qp6pcv771atq9b20960',
)
[ info ] [ PARAM ] array (
)
[ info ] [ SESSION ] INIT array (
  'id' => '',
  'var_session_id' => '',
  'prefix' => 'think',
  'type' => '',
  'auto_start' => true,
)
[ info ] [ RUN ] app\index\controller\User->syllabus[ /var/www/html/application/index/controller/User.php ]
[ info ] [ DB ] INIT mysql
[ info ] [ LOG ] INIT File
[ sql ] [ DB ] CONNECT:[ UseTime:0.000777s ] mysql:dbname=think;host=127.0.0.1;port=3306;charset=utf8
[ sql ] [ SQL ] SHOW COLUMNS FROM `users` [ RunTime:0.001780s ]
[ sql ] [ SQL ] SELECT * FROM `users` `u` INNER JOIN `cmis` `cm` ON `u`.`cmid`=`cm`.`cmid` INNER JOIN `specialty` `sp` ON `cm`.`spid`=`sp`.`spid` INNER JOIN `faculty` `f` ON `sp`.`fid`=`f`.`fid` WHERE  `uid` = '201411041' LIMIT 1    [ RunTime:0.000829s ]

---------------------------------------------------------------
[ 2017-02-10T10:00:09+08:00 ] ::1 ::1 GET /public/index.php/index/login/logout.html
[ log ] localhost/public/index.php/index/login/logout.html [运行时间：0.031188s][吞吐率：32.06req/s] [内存消耗：2,057.28kb] [文件加载：43]
[ info ] [ LANG ] /var/www/html/thinkphp/lang/zh-cn.php
[ info ] [ ROUTE ] array (
  'type' => 'module',
  'module' => 
  array (
    0 => 'index',
    1 => 'login',
    2 => 'logout',
  ),
)
[ info ] [ HEADER ] array (
  'host' => 'localhost',
  'connection' => 'keep-alive',
  'upgrade-insecure-requests' => '1',
  'user-agent' => 'Mozilla/5.0 (X11; Linux x86_64) AppleWebKit/537.36 (KHTML, like Gecko) Chrome/55.0.2883.87 Safari/537.36',
  'accept' => 'text/html,application/xhtml+xml,application/xml;q=0.9,image/webp,*/*;q=0.8',
  'referer' => 'http://localhost/public/index.php/index/user/syllabus',
  'accept-encoding' => 'gzip, deflate, sdch, br',
  'accept-language' => 'zh-CN,zh;q=0.8,en-US;q=0.6,en;q=0.4',
  'cookie' => 'pgv_pvi=9720204288; PHPSESSID=2p7fqe3qp6pcv771atq9b20960',
)
[ info ] [ PARAM ] array (
)
[ info ] [ RUN ] app\index\controller\Login->logout[ /var/www/html/application/index/controller/Login.php ]
[ info ] [ SESSION ] INIT array (
  'id' => '',
  'var_session_id' => '',
  'prefix' => 'think',
  'type' => '',
  'auto_start' => true,
)
[ info ] [ VIEW ] /var/www/html/public/../application/index/view/login/login.html [ array (
) ]
[ info ] [ LOG ] INIT File

---------------------------------------------------------------
